<?xml version="1.0" encoding="UTF-8"?>
<testsuite xmlns:xsi="http://www.w3.org/2001/XMLSchema-instance" xsi:noNamespaceSchemaLocation="https://maven.apache.org/surefire/maven-surefire-plugin/xsd/surefire-test-report.xsd" version="3.0.2" name="minesweeper.CoordinateParserTest" time="0.006" tests="5" errors="0" skipped="0" failures="0">
  <properties>
[...]
</properties>
  <testcase name="shouldRejectMalformedCoordinates" classname="minesweeper.CoordinateParserTest" time="0.001"/>
  <testcase name="shouldRejectCoordinatesOutsideBoard" classname="minesweeper.CoordinateParserTest" time="0.002"/>
  <testcase name="shouldConvertRowIndexToLabel" classname="minesweeper.CoordinateParserTest" time="0.0"/>
  <testcase name="shouldParseSingleLetterCoordinate" classname="minesweeper.CoordinateParserTest" time="0.001"/>
  <testcase name="shouldParseMultiLetterCoordinate" classname="minesweeper.CoordinateParserTest" time="0.0"/>
</testsuite>